<?xml version='1.0' encoding='UTF-8'?>
<testsuite hostname="YangNans-MacBook-Pro.local" name="edu.neu.coe.scala.parse.ProductStreamSpec" tests="17" errors="0" failures="0" time="0.315">
                     <properties>
[...]
</properties>
                     <testcase classname="edu.neu.coe.scala.parse.ProductStreamSpec" name="&quot;Hello&quot;, &quot;World!&quot; should be (String) stream via CSV" time="0.257">
                                                 
                                               </testcase><testcase classname="edu.neu.coe.scala.parse.ProductStreamSpec" name="&quot;Hello&quot;, &quot;World!&quot; should be (String) stream via TupleStream" time="0.004">
                                                 
                                               </testcase><testcase classname="edu.neu.coe.scala.parse.ProductStreamSpec" name="&quot;Hello&quot;, &quot;World!&quot; should convert to list properly" time="0.003">
                                                 
                                               </testcase><testcase classname="edu.neu.coe.scala.parse.ProductStreamSpec" name="&quot;Hello&quot;, &quot;World!&quot; should convert to map properly" time="0.004">
                                                 
                                               </testcase><testcase classname="edu.neu.coe.scala.parse.ProductStreamSpec" name="&quot;Hello&quot;, &quot;World!&quot; should have column x of type String" time="0.004">
                                                 
                                               </testcase><testcase classname="edu.neu.coe.scala.parse.ProductStreamSpec" name="&quot;3,5&quot;, &quot;8,13&quot; should be (Int,Int) stream" time="0.002">
                                                 
                                               </testcase><testcase classname="edu.neu.coe.scala.parse.ProductStreamSpec" name="&quot;3,5&quot;, &quot;8,13&quot; should be (String,String) stream via TupleStream" time="0.001">
                                                 
                                               </testcase><testcase classname="edu.neu.coe.scala.parse.ProductStreamSpec" name="&quot;3,5&quot;, &quot;8,13&quot; should map into (Int,Int) via TupleStream" time="0.003">
                                                 
                                               </testcase><testcase classname="edu.neu.coe.scala.parse.ProductStreamSpec" name="&quot;3,5&quot;, &quot;8,13&quot; should have column y of type Int" time="0.003">
                                                 
                                               </testcase><testcase classname="edu.neu.coe.scala.parse.ProductStreamSpec" name="&quot;3,5&quot;, &quot;8,13&quot; should convert to map properly" time="0.005">
                                                 
                                               </testcase><testcase classname="edu.neu.coe.scala.parse.ProductStreamSpec" name="&quot;3,5&quot;, &quot;8,13&quot; should map into (Double,Double) properly" time="0.003">
                                                 
                                               </testcase><testcase classname="edu.neu.coe.scala.parse.ProductStreamSpec" name="&quot;3,5&quot;, &quot;8,13&quot; should convert into maps properly" time="0.002">
                                                 
                                               </testcase><testcase classname="edu.neu.coe.scala.parse.ProductStreamSpec" name="5&quot; should be (Int,Double) stream" time="0.002">
                                                 
                                               </testcase><testcase classname="edu.neu.coe.scala.parse.ProductStreamSpec" name="&quot;milestone 1, 2016-03-08&quot;, &quot;milestone 2, 2016-03-15&quot; should be (String,Datetime) stream" time="0.002">
                                                 
                                               </testcase><testcase classname="edu.neu.coe.scala.parse.ProductStreamSpec" name="csv should be (String,Int) stream" time="0.011">
                                                 
                                               </testcase><testcase classname="edu.neu.coe.scala.parse.ProductStreamSpec" name="csv should be (String,Int) stream using File" time="0.003">
                                                 
                                               </testcase><testcase classname="edu.neu.coe.scala.parse.ProductStreamSpec" name="csv should be (String,Int) stream using URI" time="0.006">
                                                 
                                               </testcase>
                     <system-out></system-out>
                     <system-err></system-err>
                   </testsuite>