<?xml version='1.0' encoding='UTF-8'?>
<testsuite hostname="YangNans-MacBook-Pro.local" name="edu.neu.coe.scala.parse.CsvParserSpec" tests="23" errors="0" failures="0" time="0.278">
                     <properties>
[...]
</properties>
                     <testcase classname="edu.neu.coe.scala.parse.CsvParserSpec" name="CsvParser() should parse &quot;x&quot; as Success(List(&quot;x&quot;))" time="0.06">
                                                 
                                               </testcase><testcase classname="edu.neu.coe.scala.parse.CsvParserSpec" name="CsvParser() should parse &quot;x,y&quot; as Success(List(&quot;x,y&quot;))" time="0.005">
                                                 
                                               </testcase><testcase classname="edu.neu.coe.scala.parse.CsvParserSpec" name="CsvParser() should parse &quot;x,y&quot; as Success(List(&quot;x&quot;,&quot;y&quot;)" time="0.009">
                                                 
                                               </testcase><testcase classname="edu.neu.coe.scala.parse.CsvParserSpec" name="&quot;CsvParser(&quot;|&quot;)&quot; should parse &quot;|&quot; as Success(List(&quot;|&quot;))" time="0.01">
                                                 
                                               </testcase><testcase classname="edu.neu.coe.scala.parse.CsvParserSpec" name="&quot;CsvParser(&quot;|&quot;)&quot; should parse x,y as Success(List(&quot;x,y&quot;))" time="0.018">
                                                 
                                               </testcase><testcase classname="edu.neu.coe.scala.parse.CsvParserSpec" name="&quot;CsvParser(&quot;|&quot;)&quot; should parse x,y as Success(List(&quot;x&quot;,&quot;y&quot;)" time="0.017">
                                                 
                                               </testcase><testcase classname="edu.neu.coe.scala.parse.CsvParserSpec" name="&quot;CsvParser(&quot;|&quot;,&quot;'&quot;)&quot; should parse '|' as Success(List(&quot;|&quot;))" time="0.01">
                                                 
                                               </testcase><testcase classname="edu.neu.coe.scala.parse.CsvParserSpec" name="&quot;CsvParser(&quot;|&quot;,&quot;'&quot;)&quot; should parse x,y as Success(List(&quot;x,y&quot;))" time="0.008">
                                                 
                                               </testcase><testcase classname="edu.neu.coe.scala.parse.CsvParserSpec" name="&quot;CsvParser(&quot;|&quot;,&quot;'&quot;)&quot; should parse x,y as Success(List(&quot;x&quot;,&quot;y&quot;)" time="0.001">
                                                 
                                               </testcase><testcase classname="edu.neu.coe.scala.parse.CsvParserSpec" name="parseElem should parse 1 as 1" time="0.031">
                                                 
                                               </testcase><testcase classname="edu.neu.coe.scala.parse.CsvParserSpec" name="0" time="0.01">
                                                 
                                               </testcase><testcase classname="edu.neu.coe.scala.parse.CsvParserSpec" name="parseElem should parse true as true" time="0.003">
                                                 
                                               </testcase><testcase classname="edu.neu.coe.scala.parse.CsvParserSpec" name="parseElem should parse false as false" time="0.006">
                                                 
                                               </testcase><testcase classname="edu.neu.coe.scala.parse.CsvParserSpec" name="parseElem should parse yes as yes" time="0.013">
                                                 
                                               </testcase><testcase classname="edu.neu.coe.scala.parse.CsvParserSpec" name="parseElem should parse no as false" time="0.001">
                                                 
                                               </testcase><testcase classname="edu.neu.coe.scala.parse.CsvParserSpec" name="parseElem should parse T as true" time="0.013">
                                                 
                                               </testcase><testcase classname="edu.neu.coe.scala.parse.CsvParserSpec" name="parseElem should parse &quot;1&quot; as &quot;1&quot;" time="0.002">
                                                 
                                               </testcase><testcase classname="edu.neu.coe.scala.parse.CsvParserSpec" name="parseElem should parse 2016-03-08 as datetime" time="0.009">
                                                 
                                               </testcase><testcase classname="edu.neu.coe.scala.parse.CsvParserSpec" name="custom element parser should parse 1 as '1'" time="0.002">
                                                 
                                               </testcase><testcase classname="edu.neu.coe.scala.parse.CsvParserSpec" name="0'" time="0.001">
                                                 
                                               </testcase><testcase classname="edu.neu.coe.scala.parse.CsvParserSpec" name="custom element parser should parse true as 'true'" time="0.001">
                                                 
                                               </testcase><testcase classname="edu.neu.coe.scala.parse.CsvParserSpec" name="custom element parser should parse &quot;1&quot; as '&quot;1&quot;'" time="0.001">
                                                 
                                               </testcase><testcase classname="edu.neu.coe.scala.parse.CsvParserSpec" name="parseDate should work" time="0.047">
                                                 
                                               </testcase>
                     <system-out></system-out>
                     <system-err></system-err>
                   </testsuite>